
> smart-agriculture-marketplace@0.1.0 build
> vite build

[36mvite v5.4.21 [32mbuilding for production...[36m[39m
transforming...
[32m✓[39m 114 modules transformed.
[31mx[39m Build failed in 536ms
[31merror during build:
[31msrc/pages/AddProduct.jsx (4:9): "apiCall" is not exported by "src/utils/api.js", imported by "src/pages/AddProduct.jsx".[31m
file: [36mC:/Users/Sahithi Reddy/Downloads/tt project/src/pages/AddProduct.jsx:4:9[31m
[33m
2: import { useNavigate } from 'react-router-dom'
3: import AuthContext from '../context/AuthContext'
4: import { apiCall } from '../utils/api'
            ^
5: import './AddProduct.css'
[31m
    at getRollupError (file:///C:/Users/Sahithi%20Reddy/Downloads/tt%20project/node_modules/rollup/dist/es/shared/parseAst.js:406:41)
    at error (file:///C:/Users/Sahithi%20Reddy/Downloads/tt%20project/node_modules/rollup/dist/es/shared/parseAst.js:402:42)
    at Module.error (file:///C:/Users/Sahithi%20Reddy/Downloads/tt%20project/node_modules/rollup/dist/es/shared/node-entry.js:17380:16)
    at Module.traceVariable (file:///C:/Users/Sahithi%20Reddy/Downloads/tt%20project/node_modules/rollup/dist/es/shared/node-entry.js:17813:29)
    at ModuleScope.findVariable (file:///C:/Users/Sahithi%20Reddy/Downloads/tt%20project/node_modules/rollup/dist/es/shared/node-entry.js:15403:39)
    at FunctionScope.findVariable (file:///C:/Users/Sahithi%20Reddy/Downloads/tt%20project/node_modules/rollup/dist/es/shared/node-entry.js:5676:38)
    at FunctionBodyScope.findVariable (file:///C:/Users/Sahithi%20Reddy/Downloads/tt%20project/node_modules/rollup/dist/es/shared/node-entry.js:5676:38)
    at ReturnValueScope.findVariable (file:///C:/Users/Sahithi%20Reddy/Downloads/tt%20project/node_modules/rollup/dist/es/shared/node-entry.js:5676:38)
    at FunctionBodyScope.findVariable (file:///C:/Users/Sahithi%20Reddy/Downloads/tt%20project/node_modules/rollup/dist/es/shared/node-entry.js:5676:38)
    at BlockScope.findVariable (file:///C:/Users/Sahithi%20Reddy/Downloads/tt%20project/node_modules/rollup/dist/es/shared/node-entry.js:5676:38)[39m
